<?xml version="1.0" encoding="UTF-8"?>
<!-- Generated by org.testng.reporters.JUnitReportReporter -->
<testsuite skipped="0" hostname="DESKTOP-97HQ61N" name="testScript.TestFacebook" tests="1" failures="0" timestamp="19 Aug 2018 17:03:41 GMT" time="23.564" errors="0">
  <testcase name="testFacebook" time="23.564" classname="testScript.TestFacebook"/>
</testsuite> <!-- testScript.TestFacebook -->
