<?xml version="1.0" encoding="UTF-8"?>
<!-- Generated by org.testng.reporters.JUnitReportReporter -->
<testsuite skipped="0" hostname="DESKTOP-97HQ61N" name="testScript.TestInsta" tests="1" failures="0" timestamp="19 Aug 2018 17:03:40 GMT" time="13.763" errors="0">
  <testcase name="testInsta" time="13.763" classname="testScript.TestInsta"/>
</testsuite> <!-- testScript.TestInsta -->
