<?xml version="1.0" encoding="UTF-8"?>
<!-- Generated by org.testng.reporters.JUnitReportReporter -->
<testsuite skipped="0" hostname="DESKTOP-97HQ61N" name="testScript.TestTwitter" tests="1" failures="0" timestamp="19 Aug 2018 17:03:40 GMT" time="16.775" errors="0">
  <testcase name="testTwitter" time="16.775" classname="testScript.TestTwitter"/>
</testsuite> <!-- testScript.TestTwitter -->
